[17/06/2021 - 11:57:26] - 
[27/06/2022 - 14:14:05] - [item Inventario]: O Admin Felipe_Paradise pegou um item R1.
[27/06/2022 - 14:14:20] - [item Inventario]: O Admin Felipe_Paradise pegou um item Infernus.
[27/06/2022 - 14:14:26] - [item Inventario]: O Admin Felipe_Paradise pegou um item Subaru.
[28/06/2022 - 14:15:28] - [item Inventario]: O Admin Miiler_Paradise pegou um item Objeto-Material.
[28/06/2022 - 14:28:09] - [item Inventario]: O Admin Felipe_Paradise pegou um item Skin 200.
[28/06/2022 - 14:28:40] - [item Inventario]: O Admin Felipe_Paradise pegou um item Colete cop.
[28/06/2022 - 14:34:24] - [item Inventario]: O Admin Felipe_Paradise pegou um item Skin 94.
[28/06/2022 - 14:38:02] - [item Inventario]: O Admin Felipe_Paradise pegou um item Mascara de gas.
[28/06/2022 - 14:39:56] - [item Inventario]: O Admin Felipe_Paradise pegou um item Chapeu Bruxa.
[28/06/2022 - 14:50:32] - [item Inventario]: O Admin Felipe_Paradise pegou um item Objeto-Material.
[28/06/2022 - 14:51:57] - [item Inventario]: O Admin Felipe_Paradise pegou um item Objeto-Material.
[28/06/2022 - 15:20:27] - [item Inventario]: O Admin Felipe_Paradise pegou um item Radio Portatil.
[29/06/2022 - 09:33:08] - [item Inventario]: O Admin Felipe_Paradise pegou um item Mascara do Jason Verde.
[29/06/2022 - 14:42:33] - [item Inventario]: O Admin Lampiao_Paradise pegou um item Subaru.
[29/06/2022 - 14:44:28] - [item Inventario]: O Admin Lampiao_Paradise pegou um item Nick Carro brilhoso.
[29/06/2022 - 17:01:27] - [item Inventario]: O Admin Felipe_Paradise pegou um item Fogueira.
[29/06/2022 - 17:02:03] - [item Inventario]: O Admin Felipe_Paradise pegou um item Saco de Grana.
[29/06/2022 - 17:02:21] - [item Inventario]: O Admin Felipe_Paradise pegou um item Desconhecido.
[29/06/2022 - 17:02:38] - [item Inventario]: O Admin Felipe_Paradise pegou um item Brilho.
[29/06/2022 - 17:03:56] - [item Inventario]: O Admin Felipe_Paradise pegou um item Fogueira.
[29/06/2022 - 17:04:08] - [item Inventario]: O Admin Felipe_Paradise pegou um item Fogueira.
[29/06/2022 - 17:14:53] - [item Inventario]: O Admin Felipe_Paradise pegou um item Slamvan.
[29/06/2022 - 17:15:39] - [item Inventario]: O Admin Felipe_Paradise pegou um item Carrera.
[30/06/2022 - 06:04:05] - [item Inventario]: O Admin Felipe_Paradise pegou um item Skin 154.
[30/06/2022 - 06:08:46] - [item Inventario]: O Admin Felipe_Paradise pegou um item Mochila de Praia.
[30/06/2022 - 06:14:03] - [item Inventario]: O Admin Felipe_Paradise pegou um item Arara.
[30/06/2022 - 06:14:29] - [item Inventario]: O Admin Felipe_Paradise pegou um item M4 Enfeite.
[30/06/2022 - 06:23:06] - [item Inventario]: O Admin Felipe_Paradise pegou um item Mascara do Jason Vermelha.
[30/06/2022 - 06:24:00] - [item Inventario]: O Admin Felipe_Paradise pegou um item M4 Enfeite.
[30/06/2022 - 06:24:10] - [item Inventario]: O Admin Felipe_Paradise pegou um item M4 Enfeite.
[17/08/2022 - 18:45:37] - [item Inventario]: O Admin Felipe_Paradise pegou um item Objeto-Material.
[23/09/2022 - 03:36:45] - [item Inventario]: O Admin Felipe_Paradise pegou um item Subaru.
[23/09/2022 - 03:41:38] - [item Inventario]: O Admin Felipe_Paradise pegou um item Helicoptero.
[23/09/2022 - 03:43:36] - [item Inventario]: O Admin Felipe_Paradise pegou um item Subaru.
[23/09/2022 - 03:44:01] - [item Inventario]: O Admin Felipe_Paradise pegou um item R1.
[23/09/2022 - 03:49:43] - [item Inventario]: O Admin Felipe_Paradise pegou um item R1.
[23/09/2022 - 03:51:46] - [item Inventario]: O Admin Felipe_Paradise pegou um item Subaru.
[23/09/2022 - 07:25:49] - [item Inventario]: O Admin Felipe_Paradise pegou um item Dinamite.
[23/09/2022 - 09:03:48] - [item Inventario]: O Admin Felipe_Paradise pegou um item Radio Portatil.
[23/09/2022 - 12:10:46] - [item Inventario]: O Admin Felipe_Paradise pegou um item Skin 140.
[23/09/2022 - 12:17:06] - [item Inventario]: O Admin Felipe_Paradise pegou um item Skin 140.
[23/09/2022 - 22:35:30] - [item Inventario]: O Admin Felipe_Paradise pegou um item Heli Policial.
[23/09/2022 - 22:49:24] - [item Inventario]: O Admin Felipe_Paradise pegou um item Skin 286.
[23/09/2022 - 22:49:44] - [item Inventario]: O Admin Felipe_Paradise pegou um item Skin 2.
[01/10/2022 - 12:29:05] - [item Inventario]: O Admin Felipe_Paradise pegou um item Viatura LS.
[01/10/2022 - 12:29:11] - [item Inventario]: O Admin Felipe_Paradise pegou um item Viatura LV.
[01/10/2022 - 12:29:17] - [item Inventario]: O Admin Felipe_Paradise pegou um item Police Ranger.
[01/10/2022 - 12:29:24] - [item Inventario]: O Admin Felipe_Paradise pegou um item Viatura SF.
[01/10/2022 - 12:29:34] - [item Inventario]: O Admin Felipe_Paradise pegou um item Police Ranger.
[01/10/2022 - 12:29:44] - [item Inventario]: O Admin Felipe_Paradise pegou um item Police Ranger.
[01/10/2022 - 12:30:15] - [item Inventario]: O Admin Felipe_Paradise pegou um item Patriot.
[04/10/2022 - 22:56:10] - [item Inventario]: O Admin Felipe_Paradise pegou um item Bravura Temp.
[04/10/2022 - 22:56:18] - [item Inventario]: O Admin Felipe_Paradise pegou um item Linerunner Temp.
[04/10/2022 - 22:56:21] - [item Inventario]: O Admin Felipe_Paradise pegou um item Dumper Temp.
[13/10/2022 - 05:59:05] - [item Inventario]: O Admin Felipe pegou um item Dinamite.
[13/10/2022 - 06:36:12] - [item Inventario]: O Admin Felipe_Paradise pegou um item R1.
[13/10/2022 - 06:36:50] - [item Inventario]: O Admin Felipe_Paradise pegou um item Subaru.
[13/10/2022 - 07:08:06] - [item Inventario]: O Admin Felipe_Paradise pegou um item Skin 12.
[13/10/2022 - 07:10:12] - [item Inventario]: O Admin Felipe_Paradise pegou um item Chifre de Boi.
[13/10/2022 - 07:11:14] - [item Inventario]: O Admin Felipe_Paradise pegou um item Fogueira.
[13/10/2022 - 07:11:36] - [item Inventario]: O Admin Felipe_Paradise pegou um item Placa do Fagner.
[13/10/2022 - 07:23:01] - [item Inventario]: O Admin Felipe_Paradise pegou um item .
[13/10/2022 - 07:23:14] - [item Inventario]: O Admin Felipe_Paradise pegou um item Skin 200.
[13/10/2022 - 07:31:30] - [item Inventario]: O Admin Felipe_Paradise pegou um item Sentinel Temp.
[13/10/2022 - 07:31:35] - [item Inventario]: O Admin Felipe_Paradise pegou um item Stretch Temp.
[13/10/2022 - 13:59:55] - [item Inventario]: O Admin Felipe_Paradise pegou um item Caixa Bronze.
[13/10/2022 - 14:00:00] - [item Inventario]: O Admin Felipe_Paradise pegou um item Caixa Platina.
[13/10/2022 - 14:17:13] - [item Inventario]: O Admin Felipe_Paradise pegou um item Caixa Platina.
[13/10/2022 - 14:17:58] - [item Inventario]: O Admin Felipe_Paradise pegou um item Caixa Platina.
[13/10/2022 - 15:20:46] - [item Inventario]: O Admin Felipe_Paradise pegou um item Hornet.
[13/10/2022 - 15:23:48] - [item Inventario]: O Admin Felipe_Paradise pegou um item Vortex.
[13/10/2022 - 16:29:32] - [item Inventario]: O Admin Felipe_Paradise pegou um item Pony.
[13/10/2022 - 18:37:07] - [item Inventario]: O Admin Felipe_Paradise pegou um item Objeto-Material.
[13/10/2022 - 18:37:10] - [item Inventario]: O Admin Felipe_Paradise pegou um item Objeto-Material.
[13/10/2022 - 20:21:54] - [item Inventario]: O Admin Felipe_Fox pegou um item Skin 13.
[13/10/2022 - 20:22:06] - [item Inventario]: O Admin Felipe_Fox pegou um item Skin 14.
[13/10/2022 - 20:22:10] - [item Inventario]: O Admin Felipe_Fox pegou um item Skin 15.
[13/10/2022 - 20:22:13] - [item Inventario]: O Admin Felipe_Fox pegou um item Skin 16.
[13/10/2022 - 20:22:15] - [item Inventario]: O Admin Felipe_Fox pegou um item Skin 17.
[13/10/2022 - 20:28:25] - [item Inventario]: O Admin Felipe_Fox pegou um item Fogueira.
[13/10/2022 - 20:31:24] - [item Inventario]: O Admin Felipe_Fox pegou um item Coracao.
[30/10/2022 - 09:38:04] - [item Inventario]: O Admin Conta_Teste pegou um item R1.
[30/10/2022 - 09:38:09] - [item Inventario]: O Admin Conta_Teste pegou um item Infernus.
[30/10/2022 - 16:00:34] - [item Inventario]: O Admin Felipe_Fox pegou um item Objeto(ID: 300004).
[30/10/2022 - 16:06:03] - [item Inventario]: O Admin Felipe_Fox pegou um item Taxi Temp.
[30/10/2022 - 16:06:10] - [item Inventario]: O Admin Felipe_Fox pegou um item Washington Temp.
[30/10/2022 - 19:11:05] - [item Inventario]: O Admin Felipe_Fox pegou um item Skin 2.
[30/10/2022 - 20:10:51] - [item Inventario]: O Admin Felipe_Fox pegou um item Skin 214.
[30/10/2022 - 20:12:23] - [item Inventario]: O Admin Felipe_Fox pegou um item Skin 216.
[30/10/2022 - 20:13:20] - [item Inventario]: O Admin Felipe_Fox pegou um item .
[30/10/2022 - 20:18:22] - [item Inventario]: O Admin Felipe_Fox pegou um item Cabeca de Boi.
[30/10/2022 - 20:23:26] - [item Inventario]: O Admin Felipe_Fox pegou um item Placa do Fagner.
[30/10/2022 - 20:25:28] - [item Inventario]: O Admin Felipe_Fox pegou um item Fogueira.
[30/10/2022 - 20:25:32] - [item Inventario]: O Admin Felipe_Fox pegou um item Fogueira.
[30/10/2022 - 20:28:04] - [item Inventario]: O Admin Felipe_Fox pegou um item Coracao.
[30/10/2022 - 20:29:13] - [item Inventario]: O Admin Felipe_Fox pegou um item Ursinho.
[30/10/2022 - 20:29:20] - [item Inventario]: O Admin Felipe_Fox pegou um item Ursinho.
[30/10/2022 - 20:31:45] - [item Inventario]: O Admin Felipe_Fox pegou um item Infernus.
[30/10/2022 - 20:31:48] - [item Inventario]: O Admin Felipe_Fox pegou um item R1.
[30/10/2022 - 20:31:52] - [item Inventario]: O Admin Felipe_Fox pegou um item Subaru.
[30/10/2022 - 20:31:55] - [item Inventario]: O Admin Felipe_Fox pegou um item Stunt.
[30/10/2022 - 20:31:59] - [item Inventario]: O Admin Felipe_Fox pegou um item Nitro Infinito.
[30/10/2022 - 20:32:13] - [item Inventario]: O Admin Felipe_Fox pegou um item Anuncio Personalizado.
[30/10/2022 - 20:32:28] - [item Inventario]: O Admin Felipe_Fox pegou um item Nick Carro brilhoso.
[30/10/2022 - 20:32:40] - [item Inventario]: O Admin Felipe_Fox pegou um item Hornet.
[30/10/2022 - 20:33:02] - [item Inventario]: O Admin Felipe_Fox pegou um item Kit de Tunagem.
[30/10/2022 - 20:35:52] - [item Inventario]: O Admin Felipe_Fox pegou um item Caixa Platina.
[30/10/2022 - 21:27:51] - [item Inventario]: O Admin Felipe_Fox pegou um item Skin 216.
[30/10/2022 - 21:27:53] - [item Inventario]: O Admin Felipe_Fox pegou um item Skin 216.
[30/10/2022 - 21:57:54] - [item Inventario]: O Admin Felipe_Fox pegou um item Onibus.
[31/10/2022 - 02:36:49] - [item Inventario]: O Admin Felipe_Fox pegou um item Portao.
[31/10/2022 - 03:29:40] - [item Inventario]: O Admin Felipe_Fox pegou um item AK-47 do Felipe.
[31/10/2022 - 03:30:20] - [item Inventario]: O Admin Felipe_Fox pegou um item AK-47 do Felipe.
[31/10/2022 - 03:38:57] - [item Inventario]: O Admin Felipe_Fox pegou um item AK-47 do Felipe.
[31/10/2022 - 03:42:57] - [item Inventario]: O Admin Felipe_Fox pegou um item AK-47 do Felipe.
[31/10/2022 - 03:43:15] - [item Inventario]: O Admin Felipe_Fox pegou um item AK-47 do Felipe.
[31/10/2022 - 03:50:32] - [item Inventario]: O Admin Felipe_Fox pegou um item AK-47.
[31/10/2022 - 03:50:37] - [item Inventario]: O Admin Felipe_Fox pegou um item AK-47 do Felipe.
[31/10/2022 - 06:43:21] - [item Inventario]: O Admin Felipe_Fox resetou o inventario do jogador Felipe_Fox.
[31/10/2022 - 06:43:29] - [item Inventario]: O Admin Felipe_Fox resetou o inventario do jogador Felipe_Fox.
[31/10/2022 - 06:43:30] - [item Inventario]: O Admin Felipe_Fox resetou o inventario do jogador Felipe_Fox.
[31/10/2022 - 06:43:31] - [item Inventario]: O Admin Felipe_Fox resetou o inventario do jogador Felipe_Fox.
[31/10/2022 - 06:43:32] - [item Inventario]: O Admin Felipe_Fox resetou o inventario do jogador Felipe_Fox.
[31/10/2022 - 06:47:47] - [item Inventario]: O Admin Felipe_Fox resetou o inventario do jogador Felipe_Fox.
[31/10/2022 - 10:47:44] - [item Inventario]: O Admin Felipe_Fox pegou um item AK-47 do Felipe.
[31/10/2022 - 12:19:53] - [item Inventario]: O Admin Felipe_Fox pegou um item Objeto-Material.
[31/10/2022 - 14:14:53] - [item Inventario]: O Admin Felipe_Fox pegou um item Interrogacao.
[31/10/2022 - 14:15:36] - [item Inventario]: O Admin Felipe_Fox pegou um item Nenhum Item.
[31/10/2022 - 14:48:56] - [item Inventario]: O Admin Felipe_Fox pegou um item Bau de Itens.
[31/10/2022 - 14:49:25] - [item Inventario]: O Admin Felipe_Fox pegou um item Skin 271.
[31/10/2022 - 15:04:14] - [item Inventario]: O Admin Felipe_Fox pegou um item Bau de Itens.
[31/10/2022 - 15:15:53] - [item Inventario]: O Admin Felipe_Fox pegou um item Portao.
[31/10/2022 - 15:15:54] - [item Inventario]: O Admin Felipe_Fox pegou um item Portao.
[31/10/2022 - 15:16:41] - [item Inventario]: O Admin Felipe_Fox pegou um item Portao.
[31/10/2022 - 15:16:41] - [item Inventario]: O Admin Felipe_Fox pegou um item Portao.
[31/10/2022 - 16:30:00] - [item Inventario]: O Admin Felipe_Fox pegou um item Bau de Itens.
[31/10/2022 - 16:30:01] - [item Inventario]: O Admin Felipe_Fox pegou um item Bau de Itens.
[31/10/2022 - 16:37:41] - [item Inventario]: O Admin Felipe_Fox pegou um item Bau de Itens.
[31/10/2022 - 18:17:01] - [item Inventario]: O Admin Felipe_Fox pegou um item Bau de Itens.
[31/10/2022 - 18:21:03] - [item Inventario]: O Admin Felipe_Fox pegou um item Subaru.
[31/10/2022 - 18:21:07] - [item Inventario]: O Admin Felipe_Fox pegou um item Freight.
[31/10/2022 - 18:21:11] - [item Inventario]: O Admin Felipe_Fox pegou um item Objeto(ID: 391).
[31/10/2022 - 18:21:16] - [item Inventario]: O Admin Felipe_Fox pegou um item Objeto(ID: 3931).
[31/10/2022 - 18:21:24] - [item Inventario]: O Admin Felipe_Fox pegou um item Caixa Ouro.
[31/10/2022 - 18:21:29] - [item Inventario]: O Admin Felipe_Fox pegou um item Caixa Platina.
[31/10/2022 - 18:21:33] - [item Inventario]: O Admin Felipe_Fox pegou um item Objeto(ID: 19058).
[31/10/2022 - 18:35:22] - [item Inventario]: O Admin Felipe_Fox pegou um item Caixa Platina.
[31/10/2022 - 18:58:50] - [item Inventario]: O Admin Felipe_Fox pegou um item Infernus.
[31/10/2022 - 18:58:57] - [item Inventario]: O Admin Felipe_Fox pegou um item Stunt.
[31/10/2022 - 18:59:28] - [item Inventario]: O Admin Felipe_Fox pegou um item Caixa Platina.
[31/10/2022 - 19:26:10] - [item Inventario]: O Admin Felipe_Samp pegou um item Bau de Itens.
[31/10/2022 - 20:50:59] - [item Inventario]: O Admin Felipe_Fox pegou um item Hornet.
[31/10/2022 - 20:56:03] - [item Inventario]: O Admin Felipe_Fox pegou um item Portao.
[31/10/2022 - 20:56:49] - [item Inventario]: O Admin Felipe_Fox pegou um item Portao.
[31/10/2022 - 21:00:39] - [item Inventario]: O Admin Felipe_Fox pegou um item Portao.
[31/10/2022 - 21:06:08] - [item Inventario]: O Admin Felipe_Fox pegou um item Portao.
[31/10/2022 - 21:46:25] - [item Inventario]: O Admin Felipe_Fox esta dando um item Bau de Itens, ID:[1271] para o jogador Felipesp_..
[31/10/2022 - 21:55:13] - [item Inventario]: O Admin Felipe_Fox pegou um item AK-47.
[31/10/2022 - 21:55:19] - [item Inventario]: O Admin Felipe_Fox pegou um item Objeto(ID: 1313).
[31/10/2022 - 21:55:52] - [item Inventario]: O Admin Felipe_Fox pegou um item AK-47 do Felipe.
[03/11/2022 - 14:57:08] - [item Inventario]: O Admin Felipe_Fox pegou um item Nick Carro brilhoso.
[03/11/2022 - 14:57:34] - [item Inventario]: O Admin Felipe_Fox pegou um item Anuncio Personalizado.
[07/11/2022 - 02:42:49] - [item Inventario]: O Admin DogMau_Fox pegou um item Skin 216.
[07/11/2022 - 02:43:01] - [item Inventario]: O Admin DogMau_Fox pegou um item Subaru.
[07/11/2022 - 02:43:05] - [item Inventario]: O Admin DogMau_Fox pegou um item Nitro Infinito.
[07/11/2022 - 02:43:09] - [item Inventario]: O Admin DogMau_Fox pegou um item Objeto(ID: 1035).
[07/11/2022 - 02:56:31] - [item Inventario]: O Admin logmay pegou um item R1.
[07/11/2022 - 06:24:23] - [item Inventario]: O Admin DogMau_Fox pegou um item Skin 216.
[07/11/2022 - 10:56:03] - [item Inventario]: O Admin DogMau_Fox pegou um item Objeto-Material.
[07/11/2022 - 11:23:38] - [item Inventario]: O Admin DogMau_Fox pegou um item Skin 216.
[07/11/2022 - 12:17:39] - [item Inventario]: O Admin DogMau_Fox pegou um item Heli Policial.
