[27/06/2022 - 14:16:14] - [EDITAR] Admin Felipe_Paradise editou Moedas:[9498448] em: Felipe_Paradise.
[27/06/2022 - 19:34:47] - [EDITAR] Admin Felipe_Paradise editou level:[11] em: Felipe_Paradise
[27/06/2022 - 19:34:53] - [EDITAR] Admin Felipe_Paradise editou horas jogadas:[11] em: Felipe_Paradise
[28/06/2022 - 14:18:06] - [EDITAR] Admin Miiler_Paradise editou level:[777] em: Miiler_Paradise
[28/06/2022 - 14:18:14] - [EDITAR] Admin Miiler_Paradise editou horas jogadas:[777] em: Miiler_Paradise
[29/06/2022 - 09:25:08] - [EDITAR] Admin Felipe_Paradise editou Moedas:[222222] em: Felipe_Paradise.
[29/06/2022 - 09:25:26] - [EDITAR] Admin Felipe_Paradise editou Moedas:[222222] em: Felipe_Paradise.
[29/06/2022 - 09:37:20] - [EDITAR] Admin Felipe_Paradise editou level:[11] em: Felipe_Paradise
[29/06/2022 - 09:37:26] - [EDITAR] Admin Felipe_Paradise editou horas jogadas:[11] em: Felipe_Paradise
[29/06/2022 - 16:56:41] - [EDITAR] Admin Felipe_Paradise editou level:[11] em: zezin
[29/06/2022 - 16:56:45] - [EDITAR] Admin Felipe_Paradise editou horas jogadas:[11] em: zezin
[29/06/2022 - 16:56:50] - [EDITAR] Admin Felipe_Paradise editou horas jogadas:[11] em: map_uw
[29/06/2022 - 16:56:53] - [EDITAR] Admin Felipe_Paradise editou level:[11] em: map_uw
[29/06/2022 - 17:11:26] - [EDITAR] Admin Felipe_Paradise editou horas jogadas:[11] em: arnox_samp
[29/06/2022 - 17:12:24] - [EDITAR] Admin Felipe_Paradise editou horas jogadas:[11] em: VINIZ_SHOT
[29/06/2022 - 17:16:12] - [EDITAR] Admin Felipe_Paradise editou horas jogadas:[11] em: Miguel_do_gral
[29/06/2022 - 17:17:35] - [EDITAR] Admin Felipe_Paradise editou horas jogadas:[11] em: winsboss
[29/06/2022 - 17:24:01] - [EDITAR] Admin Felipe_Paradise editou horas jogadas:[11] em: joao1533
[29/06/2022 - 17:24:35] - [EDITAR] Admin Felipe_Paradise editou Moedas:[10000] em: joao1533.
[29/06/2022 - 17:25:36] - [EDITAR] Admin Felipe_Paradise editou Moedas:[100000] em: joao1533.
[30/06/2022 - 06:59:03] - [EDITAR] Admin Felipe_Paradise editou Moedas:[90000] em: Pinguim_House.
[17/08/2022 - 21:49:25] - [EDITAR] Admin Felipe_Paradise editou Moedas:[999999] em: Felipe_Paradise.
[23/09/2022 - 07:28:44] - [EDITAR] Admin Felipe_Paradise editou level:[11] em: Felipe_Paradise
[23/09/2022 - 09:36:13] - [EDITAR] Admin Felipe_Paradise editou Moedas:[888888] em: Felipe_Paradise.
[13/10/2022 - 06:27:40] - [EDITAR] Admin Felipe_Paradise editou Moedas:[1111111] em: Felipe_Paradise.
[13/10/2022 - 06:41:18] - [EDITAR] Admin Felipe_Paradise editou level:[1] em: Felipe_Paradise
[13/10/2022 - 06:41:33] - [EDITAR] Admin Felipe_Paradise editou Moedas:[11] em: Felipe_Paradise.
[13/10/2022 - 06:41:38] - [EDITAR] Admin Felipe_Paradise editou Moedas:[999] em: Felipe_Paradise.
[13/10/2022 - 06:54:20] - [EDITAR] Admin Felipe_Paradise editou level:[11] em: Felipe_Paradise
[13/10/2022 - 06:54:25] - [EDITAR] Admin Felipe_Paradise editou level:[14] em: Felipe_Paradise
[13/10/2022 - 07:50:28] - [EDITAR] Admin Felipe_Paradise editou Moedas:[45000] em: Felipe_Paradise.
[30/10/2022 - 12:44:39] - [EDITAR] Admin Felipe_Fox editou level:[1111] em: Felipe_Fox
[30/10/2022 - 12:44:45] - [EDITAR] Admin Felipe_Fox editou level:[1569325055] em: Felipe_Fox
[30/10/2022 - 12:44:49] - [EDITAR] Admin Felipe_Fox editou level:[1215752191] em: Felipe_Fox
[30/10/2022 - 12:44:53] - [EDITAR] Admin Felipe_Fox editou level:[999999] em: Felipe_Fox
[30/10/2022 - 12:44:55] - [EDITAR] Admin Felipe_Fox editou level:[999] em: Felipe_Fox
[30/10/2022 - 12:44:58] - [EDITAR] Admin Felipe_Fox editou level:[9990] em: Felipe_Fox
[30/10/2022 - 12:45:06] - [EDITAR] Admin Felipe_Fox editou level:[120] em: Felipe_Fox
[07/11/2022 - 02:42:10] - [EDITAR] Admin Felipe_Fox editou Moedas:[9999] em: Felipe_Fox.
[07/11/2022 - 05:41:07] - [EDITAR] Admin logmay editou Moedas:[999999] em: logmay.
[07/11/2022 - 05:45:31] - [EDITAR] Admin logmay editou Moedas:[5000] em: logmay.
[07/11/2022 - 05:54:43] - [EDITAR] Admin DogMau_Fox editou Moedas:[2000] em: DogMau_Fox.
[07/11/2022 - 05:54:55] - [EDITAR] Admin DogMau_Fox editou Moedas:[20000] em: DogMau_Fox.
[07/11/2022 - 05:58:53] - [EDITAR] Admin logmay editou Moedas:[9999999] em: logmay.
[07/11/2022 - 07:46:16] - [EDITAR] Admin DogMau_Fox editou Moedas:[99999] em: DogMau_Fox.
