[09/03/2019 - 14:53:43] - Objetos/Plantacoes/PL499.ini
[09/03/2019 - 14:46:22] - Objetos/Plantacoes/PL499.ini
[09/03/2019 - 14:42:37] - Objetos/Plantacoes/PL499.ini
[23/02/2019 - 11:29:15] - Admin: Dudu_Insane Reiniciou o Servidor!
[22/02/2019 - 00:30:22] - Admin: Dudu_Insane Reiniciou o Servidor!
[21/02/2019 - 23:24:23] - Admin: Dudu_Insane Reiniciou o Servidor!
[16/02/2019 - 13:12:07] - Admin: Dudu_Insane Reiniciou o Servidor!
[16/29/56 - 65::] - 
[16/03/46 - 65::] - 
[15/41/35 - 65::] - 
[18:29:29] - Admin: Dudu_Insane Reiniciou o Servidor!
[18:17:04] - Admin: Dudu_Insane Reiniciou o Servidor!
[17:32:26] - Admin: Dudu_Insane Reiniciou o Servidor!
[17:12:44] - Admin: Dudu_Insane Reiniciou o Servidor!
[16:46:52] - Admin: Dudu_Insane Reiniciou o Servidor!
[14:16:13] - Admin: Dudu_Insane Reiniciou o Servidor!
[11/02/2019 - 20:22:41] - Admin: Dudu_Insane Reiniciou o Servidor!
[11/02/2019 - 21:05:46] - Admin: Dudu_Insane Reiniciou o Servidor!
[11/02/2019 - 23:56:35] - Admin: Dudu_Insane Reiniciou o Servidor!
[12/02/2019 - 00:00:37] - Admin: Dudu_Insane Reiniciou o Servidor!
[12/02/2019 - 00:48:13] - Admin: Dudu_Insane Reiniciou o Servidor!
[12/02/2019 - 00:54:57] - Admin: Dudu_Insane Reiniciou o Servidor!
[12/02/2019 - 03:25:45] - Admin: Dudu_Insane Reiniciou o Servidor!
[27/06/2022 - 14:12:36] - [GMX] O Admin: Felipe_Paradise Reniciou o Servidor!
[28/06/2022 - 15:22:45] - [GMX] O Admin: Felipe_Paradise Reniciou o Servidor!
[29/06/2022 - 07:40:56] - [GMX] O Admin: Felipe_Paradise Reniciou o Servidor!
[29/06/2022 - 09:28:49] - [GMX] O Admin: Felipe_Paradise Reniciou o Servidor!
[29/06/2022 - 16:51:23] - [GMX] O Admin: Felipe_Paradise Reniciou o Servidor!
[23/09/2022 - 03:44:45] - [GMX] O Admin: Felipe_Paradise Reniciou o Servidor!
[23/09/2022 - 03:44:45] - [GMX] O Admin: Felipe_Paradise Reniciou o Servidor!
[13/10/2022 - 05:48:31] - [GMX] O Admin: Felipe Reniciou o Servidor!
[13/10/2022 - 06:39:36] - [GMX] O Admin: Felipe_Paradise Reniciou o Servidor!
[13/10/2022 - 06:42:02] - [GMX] O Admin: Felipe_Paradise Reniciou o Servidor!
[13/10/2022 - 08:08:53] - [GMX] O Admin: Felipe_Paradise Reniciou o Servidor!
[13/10/2022 - 15:06:58] - [GMX] O Admin: Felipe_Paradise Reniciou o Servidor!
[13/10/2022 - 16:25:40] - [GMX] O Admin: Felipe_Paradise Reniciou o Servidor!
[13/10/2022 - 16:42:23] - [GMX] O Admin: Felipe_Paradise Reniciou o Servidor!
[13/10/2022 - 20:23:28] - [GMX] O Admin: Felipe_Fox Reniciou o Servidor!
[30/10/2022 - 07:24:38] - [GMX] O Admin: Felipe_Fox Reniciou o Servidor!
[30/10/2022 - 07:41:12] - [GMX] O Admin: Felipe_Fox Reniciou o Servidor!
[30/10/2022 - 07:47:22] - [GMX] O Admin: Felipe_Fox Reniciou o Servidor!
[30/10/2022 - 09:23:08] - [GMX] O Admin: Felipe_Fox Reniciou o Servidor!
[30/10/2022 - 09:23:09] - [GMX] O Admin: Felipe_Fox Reniciou o Servidor!
[30/10/2022 - 09:33:59] - [GMX] O Admin: Felipe_Fox Reniciou o Servidor!
[30/10/2022 - 09:34:00] - [GMX] O Admin: Felipe_Fox Reniciou o Servidor!
[30/10/2022 - 12:50:56] - [GMX] O Admin: Felipe_Fox Reniciou o Servidor!
[30/10/2022 - 13:14:27] - [GMX] O Admin: Felipe_Fox Reniciou o Servidor!
[30/10/2022 - 20:16:55] - [GMX] O Admin: Felipe_Fox Reniciou o Servidor!
[30/10/2022 - 21:55:13] - [GMX] O Admin: Felipe_Fox Reniciou o Servidor!
[31/10/2022 - 01:21:10] - [GMX] O Admin: Felipe_Fox Reniciou o Servidor!
[31/10/2022 - 02:17:35] - [GMX] O Admin: Felipe_Fox Reniciou o Servidor!
[31/10/2022 - 03:53:24] - [GMX] O Admin: Felipe_Fox Reniciou o Servidor!
[31/10/2022 - 11:53:28] - [GMX] O Admin: Felipe_Fox Reniciou o Servidor!
[31/10/2022 - 15:05:04] - [GMX] O Admin: Felipe_Fox Reniciou o Servidor!
[31/10/2022 - 15:13:39] - [GMX] O Admin: Felipe_Fox Reniciou o Servidor!
[31/10/2022 - 16:43:27] - [GMX] O Admin: Felipe_Fox Reniciou o Servidor!
[31/10/2022 - 16:53:32] - [GMX] O Admin: Felipe_Fox Reniciou o Servidor!
[31/10/2022 - 16:56:43] - [GMX] O Admin: Felipe_Fox Reniciou o Servidor!
[31/10/2022 - 18:41:08] - [GMX] O Admin: Felipe_Fox Reniciou o Servidor!
[31/10/2022 - 18:42:54] - [GMX] O Admin: Felipe_Fox Reniciou o Servidor!
[31/10/2022 - 18:55:03] - [GMX] O Admin: Felipe_Fox Reniciou o Servidor!
[31/10/2022 - 19:29:26] - [GMX] O Admin: Felipe_Samp Reniciou o Servidor!
[31/10/2022 - 19:29:26] - [GMX] O Admin: Felipe_Samp Reniciou o Servidor!
[31/10/2022 - 20:57:20] - [GMX] O Admin: Felipe_Fox Reniciou o Servidor!
[31/10/2022 - 21:51:19] - [GMX] O Admin: Felipe_Fox Reniciou o Servidor!
[01/11/2022 - 00:58:22] - [GMX] O Admin: Felipe_Fox Reniciou o Servidor!
[01/11/2022 - 01:11:46] - [GMX] O Admin: Felipe_Fox Reniciou o Servidor!
[01/11/2022 - 01:36:32] - [GMX] O Admin: Felipe_Fox Reniciou o Servidor!
[01/11/2022 - 01:39:15] - [GMX] O Admin: Felipe_Fox Reniciou o Servidor!
[03/11/2022 - 12:57:29] - [GMX] O Admin: Felipe_Fox Reniciou o Servidor!
[03/11/2022 - 17:43:58] - [GMX] O Admin: Felipe_Fox Reniciou o Servidor!
[07/11/2022 - 11:02:40] - [GMX] O Admin: DogMau_Fox Reniciou o Servidor!
[07/11/2022 - 12:06:59] - [GMX] O Admin: DogMau_Fox Reniciou o Servidor!
