[17/06/2021 - 11:37:58] - 
[27/06/2022 - 14:16:20] - [Loja VIP] {ffffff}Felipe_Paradise comprou o item {00FFFF}Hotknife {ffffff}Por {00FFFF}45.000 {ffffff}Moedas. {00BFFF}(/lojavip)
[27/06/2022 - 14:16:33] - [Loja VIP] {ffffff}Felipe_Paradise comprou o item {00FFFF}Entrada Yakuza {ffffff}Por {00FFFF}50000{ffffff} Moedas. {df5454}(/lojavip)
[27/06/2022 - 14:16:41] - [Loja VIP] {ffffff}Felipe_Paradise comprou o item {00FFFF}Entrada Yakuza {ffffff}Por {00FFFF}50000{ffffff} Moedas. {df5454}(/lojavip)
[28/06/2022 - 15:21:31] - [Loja VIP] {ffffff}Felipe_Paradise comprou o item {00FFFF}Hotknife {ffffff}Por {00FFFF}45.000 {ffffff}Moedas. {00BFFF}(/lojavip)
[28/06/2022 - 15:22:00] - [Loja VIP] {ffffff}Felipe_Paradise comprou o item {00FFFF}Infernus {ffffff}Por {00FFFF}90.000 {ffffff}Moedas. {00BFFF}(/lojavip)
[29/06/2022 - 09:33:50] - [Loja VIP] {ffffff}Felipe_Paradise comprou o item {00FFFF}Portao Automatico {ffffff}Por {00FFFF}25.000 {ffffff}Moedas. {df5454}(/lojavip)
[29/06/2022 - 09:34:45] - [Loja VIP] {ffffff}Felipe_Paradise comprou o item {00FFFF}Sinalizador Branco {ffffff}Por {00FFFF}50000{ffffff} Moedas. {df5454}(/lojavip)
[29/06/2022 - 09:39:03] - [Loja VIP] {ffffff}Felipe_Paradise comprou o item {00FFFF}Slamvan {ffffff}Por {00FFFF}30.000 {ffffff}Moedas. {00BFFF}(/lojavip)
[29/06/2022 - 14:05:43] - [Loja VIP] {ffffff}Felipe_Paradise comprou o item {00FFFF}Slamvan {ffffff}Por {00FFFF}20.000 {ffffff}Moedas. {00BFFF}(/lojavip)
[29/06/2022 - 16:57:59] - [Loja VIP] {ffffff}zezin comprou o item {00d900}Socio Comum {ffffff}Por {00d900}20.000 {ffffff}Moedas. {df5454}(/lojavip)
[29/06/2022 - 16:58:04] - [Loja VIP] {ffffff}zezin comprou o item {00FFFF}Slamvan {ffffff}Por {00FFFF}20.000 {ffffff}Moedas. {00BFFF}(/lojavip)
[29/06/2022 - 16:58:08] - [Loja VIP] {ffffff}map_uw comprou o item {00FFFF}Slamvan {ffffff}Por {00FFFF}20.000 {ffffff}Moedas. {00BFFF}(/lojavip)
[29/06/2022 - 17:15:05] - [Loja VIP] {ffffff}VINIZ_SHOT comprou o item {00FFFF}Slamvan {ffffff}Por {00FFFF}20.000 {ffffff}Moedas. {00BFFF}(/lojavip)
[29/06/2022 - 17:26:41] - [Loja VIP] {ffffff}zezin comprou o item {00FFFF}Portao Automatico {ffffff}Por {00FFFF}25.000 {ffffff}Moedas. {df5454}(/lojavip)
[29/06/2022 - 17:28:18] - [Loja VIP] {ffffff}map_uw comprou o item {00FFFF}Radio Portatil(JBL) {ffffff}Por {00FFFF}30.000 {ffffff}Moedas. {df5454}(/lojavip)
[29/06/2022 - 18:06:35] - [Loja VIP] {ffffff}arnox_samp comprou o item {00FFFF}Portao Automatico {ffffff}Por {00FFFF}25.000 {ffffff}Moedas. {df5454}(/lojavip)
[30/06/2022 - 08:24:12] - [Loja VIP] {ffffff}Pinguim_House comprou o item {00FFFF}Radio Portatil(JBL) {ffffff}Por {00FFFF}30.000 {ffffff}Moedas. {df5454}(/lojavip)
[30/06/2022 - 08:24:20] - [Loja VIP] {ffffff}Pinguim_House comprou o item {00d900}Socio Diamante {ffffff}Por {00d900}45.000 {ffffff}Moedas. {df5454}(/lojavip)
[17/08/2022 - 21:49:33] - [Loja VIP] {ffffff}Felipe_Paradise comprou o item {00d900}Socio Diamante {ffffff}Por {00d900}45.000 {ffffff}Moedas. {df5454}(/lojavip)
[20/09/2022 - 13:25:47] - [Loja VIP] {ffffff}Felipe_Paradise comprou o item {00FFFF}Portao Automatico {ffffff}Por {00FFFF}25.000 {ffffff}Moedas. {df5454}(/lojavip)
[23/09/2022 - 09:36:19] - [Loja VIP] {ffffff}Felipe_Paradise comprou o item {00d900}Socio Diamante {ffffff}Por {00d900}45.000 {ffffff}Moedas. {df5454}(/lojavip)
[23/09/2022 - 17:54:42] - [Loja VIP] {ffffff}Felipe_Paradise comprou o item {00FFFF}Sinalizador Branco {ffffff}Por {00FFFF}50000{ffffff} Moedas. {df5454}(/lojavip)
[23/09/2022 - 17:54:51] - [Loja VIP] {ffffff}Felipe_Paradise comprou o item {00FFFF}Pista de Danca {ffffff}Por {00FFFF}50000{ffffff} Moedas. {df5454}(/lojavip)
[13/10/2022 - 05:46:59] - [Loja VIP] {ffffff}Felipe_Paradise comprou o item {00FFFF}Troca Nick {ffffff}Por {00FFFF}5.000 {ffffff}Moedas. {df5454}(/lojavip)
[13/10/2022 - 06:27:46] - [Loja VIP] {ffffff}Felipe_Paradise comprou o item {00FFFF}Portao Automatico {ffffff}Por {00FFFF}25.000 {ffffff}Moedas. {df5454}(/lojavip)
[13/10/2022 - 09:51:59] - [Loja VIP] {ffffff}Felipe_Paradise comprou o item {00FFFF}RC goblin {ffffff}Por {00FFFF}6.000 {ffffff}Moedas. {df5454}(/lojavip)
[13/10/2022 - 11:26:38] - [Loja VIP] {ffffff}Felipe_Paradise comprou o item {00d900}Socio Diamante {ffffff}Por {00d900}45.000 {ffffff}Moedas. {df5454}(/lojavip)
[13/10/2022 - 17:21:11] - [Loja VIP] {ffffff}Felipe_Paradise comprou o item {00FFFF}Entrada de Condominio {ffffff}Por {00FFFF}50000{ffffff} Moedas. {df5454}(/lojavip)
[13/10/2022 - 17:50:45] - [Loja VIP] {ffffff}Felipe_Paradise comprou o item {00FFFF}Slamvan {ffffff}Por {00FFFF}20.000 {ffffff}Moedas. {00BFFF}(/lojavip)
[13/10/2022 - 18:37:48] - [Loja VIP] {ffffff}Felipe_Paradise comprou o item {00FFFF}Troca Nick {ffffff}Por {00FFFF}5.000 {ffffff}Moedas. {df5454}(/lojavip)
[13/10/2022 - 20:46:43] - [Loja VIP] {ffffff}Felipe_Fox comprou o item {00FFFF}RC bandit {ffffff}Por {00FFFF}3.000 {ffffff}Moedas. {df5454}(/lojavip)
[30/10/2022 - 18:00:57] - [Loja VIP] {ffffff}Felipe_Fox comprou o item {00d900}Socio Diamante {ffffff}Por {00d900}45.000 {ffffff}Moedas. {df5454}(/lojavip)
[31/10/2022 - 01:19:39] - [Loja VIP] {ffffff}Felipe_Fox comprou o item {00FFFF}Portao Automatico {ffffff}Por {00FFFF}25.000 {ffffff}Moedas. {df5454}(/lojavip)
[31/10/2022 - 02:29:06] - [Loja VIP] {ffffff}Felipe_Fox comprou o item {00FFFF}Portao Automatico {ffffff}Por {00FFFF}25.000 {ffffff}Moedas. {df5454}(/lojavip)
[31/10/2022 - 02:35:20] - [Loja VIP] {ffffff}Felipe_Fox comprou o item {00FFFF}Portao Automatico {ffffff}Por {00FFFF}25.000 {ffffff}Moedas. {df5454}(/lojavip)
[31/10/2022 - 02:35:53] - [Loja VIP] {ffffff}Felipe_Fox comprou o item {00FFFF}Portao Automatico {ffffff}Por {00FFFF}25.000 {ffffff}Moedas. {df5454}(/lojavip)
[07/11/2022 - 02:42:20] - [Loja VIP] {ffffff}Felipe_Fox comprou o item {00FFFF}Troca Nick {ffffff}Por {00FFFF}5.000 {ffffff}Moedas. {df5454}(/lojavip)
[07/11/2022 - 07:46:25] - [Loja VIP] {ffffff}DogMau_Fox comprou o item {00FFFF}Troca Nick {ffffff}Por {00FFFF}5.000 {ffffff}Moedas. {df5454}(/lojavip)
[07/11/2022 - 07:47:04] - [Loja VIP] {ffffff}teste91 comprou o item {00FFFF}Troca Nick {ffffff}Por {00FFFF}5.000 {ffffff}Moedas. {df5454}(/lojavip)
