[11/02/2019 - 22:00:10] - Dudu_Insane[2] particular: sda
[29/06/2022 - 14:45:14] - map_uw[2] particular: eae sou novo
[29/06/2022 - 14:46:18] - TIO_NT[3] particular: DA MEUS BENEFIOS AI
[29/06/2022 - 16:57:07] - Admin: zezin(ID: 1) particular: ainda tem vaga pra helper
[29/06/2022 - 16:58:39] - map_uw[2] particular: E OS ACC VAI ANUNCIA AI A VENDA
[29/06/2022 - 17:03:05] - Admin: arnox_samp(ID: 3) particular: opa da boas vindas
[29/06/2022 - 17:04:19] - Admin: zezin(ID: 1) particular: vem ka
[29/06/2022 - 17:04:39] - Admin: arnox_samp(ID: 3) particular: opa da boas vindas
[29/06/2022 - 17:04:49] - Admin: arnox_samp(ID: 3) particular: da k
[29/06/2022 - 17:04:52] - Admin: arnox_samp(ID: 3) particular: da km
[29/06/2022 - 17:05:10] - Admin: arnox_samp(ID: 3) particular: da km
[29/06/2022 - 17:05:17] - Admin: Felipe_Paradise(ID: 0) particular: cupom = bpcnotopo
[29/06/2022 - 17:07:50] - Admin: zezin(ID: 1) particular: SISTEMA DE ORG TA BUGADO
[29/06/2022 - 17:11:01] - Admin: arnox_samp(ID: 3) particular: filipe man eu nao teio 3horas jogada
[29/06/2022 - 17:11:38] - Admin: Felipe_Paradise(ID: 0) particular: tenta ai
[29/06/2022 - 17:11:42] - Admin: arnox_samp(ID: 3) particular: paresgatar o cupon
[29/06/2022 - 17:11:47] - Admin: Felipe_Paradise(ID: 0) particular: tenta ai
[29/06/2022 - 17:11:52] - Admin: Felipe_Paradise(ID: 0) particular: tenta ai agora
[29/06/2022 - 17:12:18] - Admin: arnox_samp(ID: 3) particular: obrigado
[29/06/2022 - 17:12:36] - Admin: Felipe_Paradise(ID: 0) particular: cupom = paradise
[29/06/2022 - 17:13:36] - VINIZ_SHOT[4] particular: nao dar cupom mano );
[29/06/2022 - 17:16:41] - Admin: winsboss(ID: 5) particular: O Servidor tem Beneficios?
[29/06/2022 - 17:16:52] - Admin: winsboss(ID: 5) particular: Pra Novato?
[29/06/2022 - 17:17:27] - Admin: winsboss(ID: 5) particular: O Servidor tem Beneficios Pra Novato
[29/06/2022 - 17:24:09] - Admin: joao1533(ID: 3) particular: man da km ai 
[29/06/2022 - 17:24:27] - Admin: joao1533(ID: 3) particular: man da km ai 
[29/06/2022 - 17:25:15] - Admin: joao1533(ID: 3) particular: man da km ai 
[29/06/2022 - 17:26:56] - Admin: Felipe_Paradise(ID: 0) particular: ja dei vle ai
[29/06/2022 - 17:27:14] - Admin: joao1533(ID: 3) particular: at
