[18/08/2022 - 15:34:31] - Felipe_Paradise Serial: 494484ED95AA480C549C4FF5E5DAAAEE04DFAC8D
[10/09/2022 às 11:58:35]: Felipe_Paradise Serial: 494484ED95AA480C549C4FF5E5DAAAEE04DFAC8D
[20/09/2022 às 13:24:55]: Felipe_Paradise Serial: 494484ED95AA480C549C4FF5E5DAAAEE04DFAC8D
[22/09/2022 às 21:46:34]: Felipe_Paradisse Serial: 494484ED95AA480C549C4FF5E5DAAAEE04DFAC8D
[22/09/2022 às 22:48:10]: Felipe_Paradisse Serial: 494484ED95AA480C549C4FF5E5DAAAEE04DFAC8D
[22/09/2022 às 22:51:02]: Felipe_Paradisse Serial: 494484ED95AA480C549C4FF5E5DAAAEE04DFAC8D
[22/09/2022 às 22:58:30]: Felipe_Paradisse Serial: 494484ED95AA480C549C4FF5E5DAAAEE04DFAC8D
[23/09/2022 às 03:13:15]: Felipe_Paradise Serial: 494484ED95AA480C549C4FF5E5DAAAEE04DFAC8D
[23/09/2022 às 03:24:21]: Felipe_Paradise Serial: ED40ED0E8089CC44C08EE9580F4C8C44EE8EE990
[23/09/2022 às 03:25:09]: Felipe_Paradise Serial: 494484ED95AA480C549C4FF5E5DAAAEE04DFAC8D
[23/09/2022 às 03:25:14]: Felipe_Teste Serial: ED40ED0E8089CC44C08EE9580F4C8C44EE8EE990
[23/09/2022 às 03:30:43]: Felipe_Paradise Serial: 494484ED95AA480C549C4FF5E5DAAAEE04DFAC8D
[23/09/2022 às 03:30:43]: Felipe_Teste Serial: ED40ED0E8089CC44C08EE9580F4C8C44EE8EE990
[23/09/2022 às 03:45:57]: Felipe_Paradise Serial: 494484ED95AA480C549C4FF5E5DAAAEE04DFAC8D
[23/09/2022 às 03:45:57]: Felipe_Teste Serial: ED40ED0E8089CC44C08EE9580F4C8C44EE8EE990
[23/09/2022 às 04:06:09]: Felipe_Paradise Serial: 494484ED95AA480C549C4FF5E5DAAAEE04DFAC8D
[23/09/2022 às 04:13:15]: Felipe_Paradise Serial: 494484ED95AA480C549C4FF5E5DAAAEE04DFAC8D
[23/09/2022 às 04:36:28]: Felipe_Paradise Serial: 494484ED95AA480C549C4FF5E5DAAAEE04DFAC8D
[23/09/2022 às 04:47:10]: Felipe_Paradise Serial: 494484ED95AA480C549C4FF5E5DAAAEE04DFAC8D
[23/09/2022 às 04:48:50]: Felipe_Paradisse Serial: 494484ED95AA480C549C4FF5E5DAAAEE04DFAC8D
[23/09/2022 às 05:13:37]: Felipe_Paradise Serial: 494484ED95AA480C549C4FF5E5DAAAEE04DFAC8D
[23/09/2022 às 05:17:15]: Felipe_Paradise Serial: 494484ED95AA480C549C4FF5E5DAAAEE04DFAC8D
[23/09/2022 às 05:19:25]: Felipe_Teste Serial: ED40ED0E8089CC44C08EE9580F4C8C44EE8EE990
[23/09/2022 às 05:29:37]: Felipe_Paradisse Serial: 494484ED95AA480C549C4FF5E5DAAAEE04DFAC8D
[23/09/2022 às 05:35:30]: Felipe_Paradise Serial: 494484ED95AA480C549C4FF5E5DAAAEE04DFAC8D
[23/09/2022 às 07:21:25]: Felipe_Paradise Serial: 494484ED95AA480C549C4FF5E5DAAAEE04DFAC8D
[23/09/2022 às 07:31:23]: Felipe_Paradise Serial: 494484ED95AA480C549C4FF5E5DAAAEE04DFAC8D
[23/09/2022 às 09:01:44]: Felipe_Paradise Serial: 494484ED95AA480C549C4FF5E5DAAAEE04DFAC8D
[23/09/2022 às 09:29:54]: Felipe_Paradise Serial: 494484ED95AA480C549C4FF5E5DAAAEE04DFAC8D
[23/09/2022 às 09:33:13]: Felipe_Paradise Serial: 494484ED95AA480C549C4FF5E5DAAAEE04DFAC8D
[23/09/2022 às 11:18:04]: Felipe_Paradise Serial: 494484ED95AA480C549C4FF5E5DAAAEE04DFAC8D
[23/09/2022 às 11:46:35]: Felipe_Paradise Serial: 494484ED95AA480C549C4FF5E5DAAAEE04DFAC8D
[23/09/2022 às 11:54:09]: Felipe_Paradise Serial: 494484ED95AA480C549C4FF5E5DAAAEE04DFAC8D
[23/09/2022 às 12:56:38]: Felipe_Paradise Serial: 494484ED95AA480C549C4FF5E5DAAAEE04DFAC8D
[23/09/2022 às 13:02:35]: Felipe_Paradise Serial: 494484ED95AA480C549C4FF5E5DAAAEE04DFAC8D
[23/09/2022 às 13:42:20]: Felipe_Paradise Serial: 494484ED95AA480C549C4FF5E5DAAAEE04DFAC8D
[23/09/2022 às 14:50:49]: Felipe_Paradise Serial: 494484ED95AA480C549C4FF5E5DAAAEE04DFAC8D
[23/09/2022 às 14:57:54]: Felipe_Paradise Serial: 494484ED95AA480C549C4FF5E5DAAAEE04DFAC8D
[23/09/2022 às 17:05:53]: Felipesp_. Serial: 494484ED95AA480C549C4FF5E5DAAAEE04DFAC8D
[23/09/2022 às 17:07:46]: Felipesp_. Serial: 494484ED95AA480C549C4FF5E5DAAAEE04DFAC8D
[23/09/2022 às 17:18:18]: Felipe_Paradise Serial: 494484ED95AA480C549C4FF5E5DAAAEE04DFAC8D
[23/09/2022 às 18:25:49]: Felipe_Paradise Serial: 494484ED95AA480C549C4FF5E5DAAAEE04DFAC8D
[23/09/2022 às 18:44:13]: Felipe_Paradise Serial: 494484ED95AA480C549C4FF5E5DAAAEE04DFAC8D
[23/09/2022 às 18:48:36]: Felipe_Paradise Serial: 494484ED95AA480C549C4FF5E5DAAAEE04DFAC8D
[23/09/2022 às 20:22:34]: Felipe_Paradise Serial: 494484ED95AA480C549C4FF5E5DAAAEE04DFAC8D
[23/09/2022 às 20:27:16]: Felipe_Paradise Serial: 494484ED95AA480C549C4FF5E5DAAAEE04DFAC8D
[23/09/2022 às 20:36:43]: Felipe_Paradise Serial: 494484ED95AA480C549C4FF5E5DAAAEE04DFAC8D
[23/09/2022 às 20:44:14]: Felipe_Paradise Serial: 494484ED95AA480C549C4FF5E5DAAAEE04DFAC8D
[23/09/2022 às 20:49:58]: Felipe_Paradise Serial: 494484ED95AA480C549C4FF5E5DAAAEE04DFAC8D
[23/09/2022 às 21:01:58]: Felipe_Paradise Serial: 494484ED95AA480C549C4FF5E5DAAAEE04DFAC8D
[23/09/2022 às 22:34:34]: Felipe_Paradise Serial: 494484ED95AA480C549C4FF5E5DAAAEE04DFAC8D
[23/09/2022 às 22:40:51]: Felipe_Paradise Serial: 494484ED95AA480C549C4FF5E5DAAAEE04DFAC8D
[23/09/2022 às 22:48:34]: Felipe_Paradise Serial: 494484ED95AA480C549C4FF5E5DAAAEE04DFAC8D
[01/10/2022 às 12:24:07]: Felipe_Paradise Serial: 494484ED95AA480C549C4FF5E5DAAAEE04DFAC8D
[01/10/2022 às 12:38:33]: Felipe_Paradise Serial: 494484ED95AA480C549C4FF5E5DAAAEE04DFAC8D
[04/10/2022 às 22:53:19]: Felipe_Paradise Serial: 494484ED95AA480C549C4FF5E5DAAAEE04DFAC8D
[13/10/2022 às 05:04:45]: Felipe_Paradise Serial: 494484ED95AA480C549C4FF5E5DAAAEE04DFAC8D
[13/10/2022 às 05:37:20]: Felipe_Paradise Serial: 494484ED95AA480C549C4FF5E5DAAAEE04DFAC8D
[13/10/2022 às 05:41:19]: Felipe_Paradise Serial: 494484ED95AA480C549C4FF5E5DAAAEE04DFAC8D
[13/10/2022 às 05:49:59]: Felipe Serial: 494484ED95AA480C549C4FF5E5DAAAEE04DFAC8D
[13/10/2022 às 06:25:00]: Felipe_Paradise Serial: 494484ED95AA480C549C4FF5E5DAAAEE04DFAC8D
[13/10/2022 às 06:35:12]: Felipe_Paradise Serial: 494484ED95AA480C549C4FF5E5DAAAEE04DFAC8D
[13/10/2022 às 06:40:25]: Felipe_Paradise Serial: 494484ED95AA480C549C4FF5E5DAAAEE04DFAC8D
[13/10/2022 às 06:43:50]: Felipe_Paradise Serial: 494484ED95AA480C549C4FF5E5DAAAEE04DFAC8D
[13/10/2022 às 06:45:00]: Felipe_Paradise Serial: 494484ED95AA480C549C4FF5E5DAAAEE04DFAC8D
[13/10/2022 às 06:53:31]: Felipe_Paradise Serial: 494484ED95AA480C549C4FF5E5DAAAEE04DFAC8D
[13/10/2022 às 07:06:59]: Felipe_Paradise Serial: 494484ED95AA480C549C4FF5E5DAAAEE04DFAC8D
[13/10/2022 às 07:22:03]: Felipe_Paradise Serial: 494484ED95AA480C549C4FF5E5DAAAEE04DFAC8D
[13/10/2022 às 07:28:09]: Felipe_Paradise Serial: 494484ED95AA480C549C4FF5E5DAAAEE04DFAC8D
[13/10/2022 às 07:44:16]: Felipe_Paradise Serial: 494484ED95AA480C549C4FF5E5DAAAEE04DFAC8D
[13/10/2022 às 07:45:23]: Felipe_Paradise Serial: 494484ED95AA480C549C4FF5E5DAAAEE04DFAC8D
[13/10/2022 às 07:48:42]: Felipe_Paradise Serial: 494484ED95AA480C549C4FF5E5DAAAEE04DFAC8D
[13/10/2022 às 08:11:03]: Felipe_Paradise Serial: 494484ED95AA480C549C4FF5E5DAAAEE04DFAC8D
[13/10/2022 às 08:30:59]: Felipe_Paradise Serial: 494484ED95AA480C549C4FF5E5DAAAEE04DFAC8D
[13/10/2022 às 08:37:17]: Felipe_Paradise Serial: 494484ED95AA480C549C4FF5E5DAAAEE04DFAC8D
[13/10/2022 às 09:46:44]: Felipe_Paradise Serial: 494484ED95AA480C549C4FF5E5DAAAEE04DFAC8D
[13/10/2022 às 10:23:27]: Felipe_Paradise Serial: 494484ED95AA480C549C4FF5E5DAAAEE04DFAC8D
[13/10/2022 às 11:08:45]: Felipe_Paradise Serial: 494484ED95AA480C549C4FF5E5DAAAEE04DFAC8D
[13/10/2022 às 11:10:53]: Felipe_Paradise Serial: 494484ED95AA480C549C4FF5E5DAAAEE04DFAC8D
[13/10/2022 às 11:37:33]: Felipe_Paradise Serial: 494484ED95AA480C549C4FF5E5DAAAEE04DFAC8D
[13/10/2022 às 12:09:10]: Felipe_Paradise Serial: 494484ED95AA480C549C4FF5E5DAAAEE04DFAC8D
[13/10/2022 às 12:22:08]: Felipe_Paradise Serial: 494484ED95AA480C549C4FF5E5DAAAEE04DFAC8D
[13/10/2022 às 12:25:51]: Felipe_Paradise Serial: 494484ED95AA480C549C4FF5E5DAAAEE04DFAC8D
[13/10/2022 às 13:54:54]: Felipe_Paradise Serial: 494484ED95AA480C549C4FF5E5DAAAEE04DFAC8D
[13/10/2022 às 13:56:10]: Felipe_Paradise Serial: 494484ED95AA480C549C4FF5E5DAAAEE04DFAC8D
[13/10/2022 às 13:58:01]: Felipe_Paradise Serial: 494484ED95AA480C549C4FF5E5DAAAEE04DFAC8D
[13/10/2022 às 14:13:36]: Felipe_Paradise Serial: 494484ED95AA480C549C4FF5E5DAAAEE04DFAC8D
[13/10/2022 às 14:16:31]: Felipe_Paradise Serial: 494484ED95AA480C549C4FF5E5DAAAEE04DFAC8D
[13/10/2022 às 14:20:14]: Felipe_Paradise Serial: 494484ED95AA480C549C4FF5E5DAAAEE04DFAC8D
[13/10/2022 às 14:24:48]: Felipe_Paradise Serial: 494484ED95AA480C549C4FF5E5DAAAEE04DFAC8D
[13/10/2022 às 14:32:43]: Felipe_Paradise Serial: 494484ED95AA480C549C4FF5E5DAAAEE04DFAC8D
[13/10/2022 às 14:34:31]: Felipe_Paradise Serial: 494484ED95AA480C549C4FF5E5DAAAEE04DFAC8D
[13/10/2022 às 14:40:51]: Felipe_Paradise Serial: 494484ED95AA480C549C4FF5E5DAAAEE04DFAC8D
[13/10/2022 às 14:49:30]: Felipe_Paradise Serial: 494484ED95AA480C549C4FF5E5DAAAEE04DFAC8D
[13/10/2022 às 14:56:34]: Felipe_Paradise Serial: 494484ED95AA480C549C4FF5E5DAAAEE04DFAC8D
[13/10/2022 às 15:07:45]: Felipe_Paradise Serial: 494484ED95AA480C549C4FF5E5DAAAEE04DFAC8D
[13/10/2022 às 16:20:07]: Felipe_Paradise Serial: 494484ED95AA480C549C4FF5E5DAAAEE04DFAC8D
[13/10/2022 às 16:27:10]: Felipe_Paradise Serial: 494484ED95AA480C549C4FF5E5DAAAEE04DFAC8D
[13/10/2022 às 16:41:38]: Felipe_Paradise Serial: 494484ED95AA480C549C4FF5E5DAAAEE04DFAC8D
[13/10/2022 às 16:44:01]: Felipe_Paradise Serial: 494484ED95AA480C549C4FF5E5DAAAEE04DFAC8D
[13/10/2022 às 16:45:19]: Felipe_Paradise Serial: 494484ED95AA480C549C4FF5E5DAAAEE04DFAC8D
[13/10/2022 às 17:14:37]: Felipe_Paradise Serial: 494484ED95AA480C549C4FF5E5DAAAEE04DFAC8D
[13/10/2022 às 17:50:14]: Felipe_Paradise Serial: 494484ED95AA480C549C4FF5E5DAAAEE04DFAC8D
[13/10/2022 às 18:27:20]: Felipe_Paradise Serial: 494484ED95AA480C549C4FF5E5DAAAEE04DFAC8D
[13/10/2022 às 20:20:55]: Felipe_Fox Serial: 494484ED95AA480C549C4FF5E5DAAAEE04DFAC8D
[13/10/2022 às 20:24:19]: Felipe_Fox Serial: 494484ED95AA480C549C4FF5E5DAAAEE04DFAC8D
[13/10/2022 às 20:25:32]: Felipe_Fox Serial: 494484ED95AA480C549C4FF5E5DAAAEE04DFAC8D
[30/10/2022 às 06:50:11]: Felipe_Fox Serial: 494484ED95AA480C549C4FF5E5DAAAEE04DFAC8D
[30/10/2022 às 07:01:45]: Felipe_Fox Serial: 494484ED95AA480C549C4FF5E5DAAAEE04DFAC8D
[30/10/2022 às 07:12:29]: Felipe_Fox Serial: 494484ED95AA480C549C4FF5E5DAAAEE04DFAC8D
[30/10/2022 às 07:22:04]: Felipe_Fox Serial: 494484ED95AA480C549C4FF5E5DAAAEE04DFAC8D
[30/10/2022 às 07:25:29]: Felipe_Fox Serial: 494484ED95AA480C549C4FF5E5DAAAEE04DFAC8D
[30/10/2022 às 07:38:16]: Felipe_Fox Serial: 494484ED95AA480C549C4FF5E5DAAAEE04DFAC8D
[30/10/2022 às 07:42:22]: Felipe_Fox Serial: 494484ED95AA480C549C4FF5E5DAAAEE04DFAC8D
[30/10/2022 às 07:46:12]: Felipe_Fox Serial: 494484ED95AA480C549C4FF5E5DAAAEE04DFAC8D
[30/10/2022 às 07:48:09]: Felipe_Fox Serial: 494484ED95AA480C549C4FF5E5DAAAEE04DFAC8D
[30/10/2022 às 07:59:30]: Felipe_Fox Serial: 494484ED95AA480C549C4FF5E5DAAAEE04DFAC8D
[30/10/2022 às 09:05:33]: Felipe_Fox Serial: 494484ED95AA480C549C4FF5E5DAAAEE04DFAC8D
[30/10/2022 às 09:12:31]: Conta_Teste Serial: ED40ED0E8089CC44C08EE9580F4C8C44EE8EE990
[30/10/2022 às 09:13:59]: Conta_Teste Serial: ED40ED0E8089CC44C08EE9580F4C8C44EE8EE990
[30/10/2022 às 09:24:03]: Felipe_Fox Serial: 494484ED95AA480C549C4FF5E5DAAAEE04DFAC8D
[30/10/2022 às 09:24:03]: Conta_Teste Serial: ED40ED0E8089CC44C08EE9580F4C8C44EE8EE990
[30/10/2022 às 09:34:51]: Felipe_Fox Serial: 494484ED95AA480C549C4FF5E5DAAAEE04DFAC8D
[30/10/2022 às 09:34:51]: Conta_Teste Serial: ED40ED0E8089CC44C08EE9580F4C8C44EE8EE990
[30/10/2022 às 12:24:17]: fumar_lolo Serial: 494484ED95AA480C549C4FF5E5DAAAEE04DFAC8D
[30/10/2022 às 12:25:10]: Felipe_Fox Serial: 494484ED95AA480C549C4FF5E5DAAAEE04DFAC8D
[30/10/2022 às 12:28:09]: Felipe_Fox Serial: 494484ED95AA480C549C4FF5E5DAAAEE04DFAC8D
[30/10/2022 às 12:52:53]: Felipe_Fox Serial: 494484ED95AA480C549C4FF5E5DAAAEE04DFAC8D
[30/10/2022 às 13:11:43]: Felipe_Fox Serial: 494484ED95AA480C549C4FF5E5DAAAEE04DFAC8D
[30/10/2022 às 13:15:58]: Felipe_Fox Serial: 494484ED95AA480C549C4FF5E5DAAAEE04DFAC8D
[30/10/2022 às 14:27:24]: Conta_Teste Serial: ED40ED0E8089CC44C08EE9580F4C8C44EE8EE990
[30/10/2022 às 14:52:00]: Felipe_Fox Serial: 494484ED95AA480C549C4FF5E5DAAAEE04DFAC8D
[30/10/2022 às 15:00:06]: Felipe_Fox Serial: 494484ED95AA480C549C4FF5E5DAAAEE04DFAC8D
[30/10/2022 às 15:10:51]: Felipe_Fox Serial: 494484ED95AA480C549C4FF5E5DAAAEE04DFAC8D
[30/10/2022 às 15:48:44]: Felipe_Paradise Serial: 494484ED95AA480C549C4FF5E5DAAAEE04DFAC8D
[30/10/2022 às 15:49:35]: Felipe_Fox Serial: 494484ED95AA480C549C4FF5E5DAAAEE04DFAC8D
[30/10/2022 às 15:59:44]: Felipe_Fox Serial: 494484ED95AA480C549C4FF5E5DAAAEE04DFAC8D
[30/10/2022 às 16:03:18]: Felipe_Fox Serial: 494484ED95AA480C549C4FF5E5DAAAEE04DFAC8D
[30/10/2022 às 16:05:28]: Felipe_Fox Serial: 494484ED95AA480C549C4FF5E5DAAAEE04DFAC8D
[30/10/2022 às 16:09:08]: Felipe_Fox Serial: 494484ED95AA480C549C4FF5E5DAAAEE04DFAC8D
[30/10/2022 às 16:30:30]: Felipe_Fox Serial: 494484ED95AA480C549C4FF5E5DAAAEE04DFAC8D
[30/10/2022 às 16:37:08]: Felipe_Fox Serial: 494484ED95AA480C549C4FF5E5DAAAEE04DFAC8D
[30/10/2022 às 16:48:55]: Felipe_Fox Serial: 494484ED95AA480C549C4FF5E5DAAAEE04DFAC8D
[30/10/2022 às 17:43:25]: Felipe_Fox Serial: 494484ED95AA480C549C4FF5E5DAAAEE04DFAC8D
[30/10/2022 às 17:55:40]: Felipe_Fox Serial: 494484ED95AA480C549C4FF5E5DAAAEE04DFAC8D
[30/10/2022 às 18:59:00]: Felipe_Fox Serial: 494484ED95AA480C549C4FF5E5DAAAEE04DFAC8D
[30/10/2022 às 20:17:46]: Felipe_Fox Serial: 494484ED95AA480C549C4FF5E5DAAAEE04DFAC8D
[30/10/2022 às 21:27:20]: Felipe_Fox Serial: 494484ED95AA480C549C4FF5E5DAAAEE04DFAC8D
[30/10/2022 às 21:35:52]: Felipe_Fox Serial: 494484ED95AA480C549C4FF5E5DAAAEE04DFAC8D
[30/10/2022 às 21:56:03]: Felipe_Fox Serial: 494484ED95AA480C549C4FF5E5DAAAEE04DFAC8D
[31/10/2022 às 00:08:04]: Felipe_Paradise Serial: 494484ED95AA480C549C4FF5E5DAAAEE04DFAC8D
[31/10/2022 às 01:17:58]: Felipe_Paradise Serial: 494484ED95AA480C549C4FF5E5DAAAEE04DFAC8D
[31/10/2022 às 01:18:53]: Felipe_Fox Serial: 494484ED95AA480C549C4FF5E5DAAAEE04DFAC8D
[31/10/2022 às 01:21:59]: Felipe_Fox Serial: 494484ED95AA480C549C4FF5E5DAAAEE04DFAC8D
[31/10/2022 às 01:26:26]: Felipe_Fox Serial: 494484ED95AA480C549C4FF5E5DAAAEE04DFAC8D
[31/10/2022 às 01:34:08]: Felipe_Fox Serial: 494484ED95AA480C549C4FF5E5DAAAEE04DFAC8D
[31/10/2022 às 02:16:02]: Felipe_Fox Serial: 494484ED95AA480C549C4FF5E5DAAAEE04DFAC8D
[31/10/2022 às 02:18:38]: Felipe_Fox Serial: 494484ED95AA480C549C4FF5E5DAAAEE04DFAC8D
[31/10/2022 às 02:27:38]: Felipe_Fox Serial: 494484ED95AA480C549C4FF5E5DAAAEE04DFAC8D
[31/10/2022 às 02:33:44]: Felipe_Fox Serial: 494484ED95AA480C549C4FF5E5DAAAEE04DFAC8D
[31/10/2022 às 02:40:27]: Felipe_Fox Serial: 494484ED95AA480C549C4FF5E5DAAAEE04DFAC8D
[31/10/2022 às 03:27:40]: Felipe_Fox Serial: 494484ED95AA480C549C4FF5E5DAAAEE04DFAC8D
[31/10/2022 às 03:38:12]: Felipe_Fox Serial: 494484ED95AA480C549C4FF5E5DAAAEE04DFAC8D
[31/10/2022 às 03:47:53]: Felipe_Fox Serial: 494484ED95AA480C549C4FF5E5DAAAEE04DFAC8D
[31/10/2022 às 03:54:20]: Felipe_Fox Serial: 494484ED95AA480C549C4FF5E5DAAAEE04DFAC8D
[31/10/2022 às 04:43:52]: Felipe_Fox Serial: 494484ED95AA480C549C4FF5E5DAAAEE04DFAC8D
[31/10/2022 às 04:51:36]: Felipe_Fox Serial: 494484ED95AA480C549C4FF5E5DAAAEE04DFAC8D
[31/10/2022 às 05:01:08]: Felipe_Fox Serial: 494484ED95AA480C549C4FF5E5DAAAEE04DFAC8D
[31/10/2022 às 05:22:25]: Felipe_Fox Serial: 494484ED95AA480C549C4FF5E5DAAAEE04DFAC8D
[31/10/2022 às 05:28:05]: Felipe_Fox Serial: 494484ED95AA480C549C4FF5E5DAAAEE04DFAC8D
[31/10/2022 às 05:32:59]: Felipe_Fox Serial: 494484ED95AA480C549C4FF5E5DAAAEE04DFAC8D
[31/10/2022 às 06:42:03]: Felipe_Fox Serial: 494484ED95AA480C549C4FF5E5DAAAEE04DFAC8D
[31/10/2022 às 06:47:11]: Felipe_Fox Serial: 494484ED95AA480C549C4FF5E5DAAAEE04DFAC8D
[31/10/2022 às 07:38:08]: Felipe_Fox Serial: 494484ED95AA480C549C4FF5E5DAAAEE04DFAC8D
[31/10/2022 às 07:41:51]: Felipe_Fox Serial: 494484ED95AA480C549C4FF5E5DAAAEE04DFAC8D
[31/10/2022 às 07:42:46]: Felipe_Fox Serial: 494484ED95AA480C549C4FF5E5DAAAEE04DFAC8D
[31/10/2022 às 07:52:22]: Felipe_Fox Serial: 494484ED95AA480C549C4FF5E5DAAAEE04DFAC8D
[31/10/2022 às 07:57:01]: Felipe_Fox Serial: 494484ED95AA480C549C4FF5E5DAAAEE04DFAC8D
[31/10/2022 às 08:00:36]: Felipe_Fox Serial: 494484ED95AA480C549C4FF5E5DAAAEE04DFAC8D
[31/10/2022 às 08:03:59]: Felipe_Fox Serial: 494484ED95AA480C549C4FF5E5DAAAEE04DFAC8D
[31/10/2022 às 08:14:53]: Felipe_Fox Serial: 494484ED95AA480C549C4FF5E5DAAAEE04DFAC8D
[31/10/2022 às 08:40:29]: Felipe_Fox Serial: 494484ED95AA480C549C4FF5E5DAAAEE04DFAC8D
[31/10/2022 às 10:18:18]: Felipe_Fox Serial: 494484ED95AA480C549C4FF5E5DAAAEE04DFAC8D
[31/10/2022 às 10:20:53]: Felipe_Fox Serial: 494484ED95AA480C549C4FF5E5DAAAEE04DFAC8D
[31/10/2022 às 10:23:22]: Felipe_Fox Serial: 494484ED95AA480C549C4FF5E5DAAAEE04DFAC8D
[31/10/2022 às 10:26:10]: Felipe_Fox Serial: 494484ED95AA480C549C4FF5E5DAAAEE04DFAC8D
[31/10/2022 às 10:38:17]: Felipe_Fox Serial: 494484ED95AA480C549C4FF5E5DAAAEE04DFAC8D
[31/10/2022 às 10:43:18]: Felipe_Fox Serial: 494484ED95AA480C549C4FF5E5DAAAEE04DFAC8D
[31/10/2022 às 10:55:22]: Felipe_Fox Serial: 494484ED95AA480C549C4FF5E5DAAAEE04DFAC8D
[31/10/2022 às 11:32:10]: Felipe_Fox Serial: 494484ED95AA480C549C4FF5E5DAAAEE04DFAC8D
[31/10/2022 às 11:34:44]: Felipe_Fox Serial: 494484ED95AA480C549C4FF5E5DAAAEE04DFAC8D
[31/10/2022 às 11:39:18]: Felipe_Fox Serial: 494484ED95AA480C549C4FF5E5DAAAEE04DFAC8D
[31/10/2022 às 11:49:38]: Felipe_Fox Serial: 494484ED95AA480C549C4FF5E5DAAAEE04DFAC8D
[31/10/2022 às 11:54:41]: Felipe_Fox Serial: 494484ED95AA480C549C4FF5E5DAAAEE04DFAC8D
[31/10/2022 às 12:04:06]: Felipe_Fox Serial: 494484ED95AA480C549C4FF5E5DAAAEE04DFAC8D
[31/10/2022 às 12:13:23]: Felipe_Fox Serial: 494484ED95AA480C549C4FF5E5DAAAEE04DFAC8D
[31/10/2022 às 13:31:13]: Felipe_Fox Serial: 494484ED95AA480C549C4FF5E5DAAAEE04DFAC8D
[31/10/2022 às 13:33:15]: Felipe_Fox Serial: 494484ED95AA480C549C4FF5E5DAAAEE04DFAC8D
[31/10/2022 às 14:11:09]: Felipe_Fox Serial: 494484ED95AA480C549C4FF5E5DAAAEE04DFAC8D
[31/10/2022 às 14:17:50]: Felipe_Fox Serial: 494484ED95AA480C549C4FF5E5DAAAEE04DFAC8D
[31/10/2022 às 14:23:06]: Felipe_Fox Serial: 494484ED95AA480C549C4FF5E5DAAAEE04DFAC8D
[31/10/2022 às 14:48:26]: Felipe_Fox Serial: 494484ED95AA480C549C4FF5E5DAAAEE04DFAC8D
[31/10/2022 às 14:55:12]: Felipe_Fox Serial: 494484ED95AA480C549C4FF5E5DAAAEE04DFAC8D
[31/10/2022 às 15:02:57]: Felipe_Fox Serial: 494484ED95AA480C549C4FF5E5DAAAEE04DFAC8D
[31/10/2022 às 15:05:51]: Felipe_Fox Serial: 494484ED95AA480C549C4FF5E5DAAAEE04DFAC8D
[31/10/2022 às 15:12:11]: Felipe_Fox Serial: 494484ED95AA480C549C4FF5E5DAAAEE04DFAC8D
[31/10/2022 às 15:14:26]: Felipe_Fox Serial: 494484ED95AA480C549C4FF5E5DAAAEE04DFAC8D
[31/10/2022 às 16:09:35]: Felipe_Fox Serial: 494484ED95AA480C549C4FF5E5DAAAEE04DFAC8D
[31/10/2022 às 16:28:58]: Felipe_Fox Serial: 494484ED95AA480C549C4FF5E5DAAAEE04DFAC8D
[31/10/2022 às 16:33:08]: Felipe_Fox Serial: 494484ED95AA480C549C4FF5E5DAAAEE04DFAC8D
[31/10/2022 às 16:37:00]: Felipe_Fox Serial: 494484ED95AA480C549C4FF5E5DAAAEE04DFAC8D
[31/10/2022 às 16:44:14]: Felipe_Fox Serial: 494484ED95AA480C549C4FF5E5DAAAEE04DFAC8D
[31/10/2022 às 16:47:29]: Felipe_Fox Serial: 494484ED95AA480C549C4FF5E5DAAAEE04DFAC8D
[31/10/2022 às 16:49:45]: Felipe_Fox Serial: 494484ED95AA480C549C4FF5E5DAAAEE04DFAC8D
[31/10/2022 às 16:52:45]: Felipe_Fox Serial: 494484ED95AA480C549C4FF5E5DAAAEE04DFAC8D
[31/10/2022 às 16:54:17]: Felipe_Fox Serial: 494484ED95AA480C549C4FF5E5DAAAEE04DFAC8D
[31/10/2022 às 16:57:28]: Felipe_Fox Serial: 494484ED95AA480C549C4FF5E5DAAAEE04DFAC8D
[31/10/2022 às 17:21:41]: Felipe_Fox Serial: 494484ED95AA480C549C4FF5E5DAAAEE04DFAC8D
[31/10/2022 às 17:26:37]: Felipe_Fox Serial: 494484ED95AA480C549C4FF5E5DAAAEE04DFAC8D
[31/10/2022 às 17:31:54]: Felipe_Fox Serial: 494484ED95AA480C549C4FF5E5DAAAEE04DFAC8D
[31/10/2022 às 17:34:09]: Felipe_Fox Serial: 494484ED95AA480C549C4FF5E5DAAAEE04DFAC8D
[31/10/2022 às 17:36:51]: Felipe_Fox Serial: 494484ED95AA480C549C4FF5E5DAAAEE04DFAC8D
[31/10/2022 às 17:39:39]: Felipe_Fox Serial: 494484ED95AA480C549C4FF5E5DAAAEE04DFAC8D
[31/10/2022 às 17:43:16]: Felipe_Fox Serial: 494484ED95AA480C549C4FF5E5DAAAEE04DFAC8D
[31/10/2022 às 17:47:36]: Felipe_Fox Serial: 494484ED95AA480C549C4FF5E5DAAAEE04DFAC8D
[31/10/2022 às 17:52:32]: Felipe_Fox Serial: 494484ED95AA480C549C4FF5E5DAAAEE04DFAC8D
[31/10/2022 às 17:55:02]: Felipe_Fox Serial: 494484ED95AA480C549C4FF5E5DAAAEE04DFAC8D
[31/10/2022 às 18:04:32]: Felipe_Fox Serial: 494484ED95AA480C549C4FF5E5DAAAEE04DFAC8D
[31/10/2022 às 18:07:16]: Felipe_Fox Serial: 494484ED95AA480C549C4FF5E5DAAAEE04DFAC8D
[31/10/2022 às 18:16:21]: Felipe_Fox Serial: 494484ED95AA480C549C4FF5E5DAAAEE04DFAC8D
[31/10/2022 às 18:20:11]: Felipe_Fox Serial: 494484ED95AA480C549C4FF5E5DAAAEE04DFAC8D
[31/10/2022 às 18:34:39]: Felipe_Fox Serial: 494484ED95AA480C549C4FF5E5DAAAEE04DFAC8D
[31/10/2022 às 18:41:57]: Felipe_Fox Serial: 494484ED95AA480C549C4FF5E5DAAAEE04DFAC8D
[31/10/2022 às 18:44:04]: Felipe_Fox Serial: 494484ED95AA480C549C4FF5E5DAAAEE04DFAC8D
[31/10/2022 às 18:55:51]: Felipe_Fox Serial: 494484ED95AA480C549C4FF5E5DAAAEE04DFAC8D
[31/10/2022 às 19:25:00]: Felipe_Samp Serial: ED40ED0E8089CC44C08EE9580F4C8C44EE8EE990
[31/10/2022 às 19:30:11]: Felipe_Samp Serial: ED40ED0E8089CC44C08EE9580F4C8C44EE8EE990
[31/10/2022 às 19:45:01]: Felipe_Fox Serial: 494484ED95AA480C549C4FF5E5DAAAEE04DFAC8D
[31/10/2022 às 20:37:01]: Felipe_Fox Serial: 494484ED95AA480C549C4FF5E5DAAAEE04DFAC8D
[31/10/2022 às 20:59:18]: Felipe_Fox Serial: 494484ED95AA480C549C4FF5E5DAAAEE04DFAC8D
[31/10/2022 às 21:05:14]: Felipe_Fox Serial: 494484ED95AA480C549C4FF5E5DAAAEE04DFAC8D
[31/10/2022 às 21:16:57]: carai Serial: 494484ED95AA480C549C4FF5E5DAAAEE04DFAC8D
[31/10/2022 às 21:21:42]: Felipe_Fox Serial: 494484ED95AA480C549C4FF5E5DAAAEE04DFAC8D
[31/10/2022 às 21:22:46]: Felipe_Fox Serial: 494484ED95AA480C549C4FF5E5DAAAEE04DFAC8D
[31/10/2022 às 21:44:29]: Felipesp_. Serial: ED40ED0E8089CC44C08EE9580F4C8C44EE8EE990
[31/10/2022 às 21:45:08]: Felipe_Fox Serial: 494484ED95AA480C549C4FF5E5DAAAEE04DFAC8D
[31/10/2022 às 21:52:12]: Felipe_Fox Serial: 494484ED95AA480C549C4FF5E5DAAAEE04DFAC8D
[31/10/2022 às 21:52:12]: Felipesp_. Serial: ED40ED0E8089CC44C08EE9580F4C8C44EE8EE990
[31/10/2022 às 22:56:34]: Felipe_Fox Serial: 494484ED95AA480C549C4FF5E5DAAAEE04DFAC8D
[31/10/2022 às 23:49:31]: Felipe_Fox Serial: 494484ED95AA480C549C4FF5E5DAAAEE04DFAC8D
[01/11/2022 às 00:07:58]: Felipe_Fox Serial: 494484ED95AA480C549C4FF5E5DAAAEE04DFAC8D
[01/11/2022 às 00:35:08]: Felipe_Fox Serial: 494484ED95AA480C549C4FF5E5DAAAEE04DFAC8D
[01/11/2022 às 00:52:35]: Felipe_Fox Serial: 494484ED95AA480C549C4FF5E5DAAAEE04DFAC8D
[01/11/2022 às 00:59:41]: Felipe_Fox Serial: 494484ED95AA480C549C4FF5E5DAAAEE04DFAC8D
[01/11/2022 às 01:12:57]: Felipe_Fox Serial: 494484ED95AA480C549C4FF5E5DAAAEE04DFAC8D
[01/11/2022 às 01:26:16]: Felipe_Fox Serial: 494484ED95AA480C549C4FF5E5DAAAEE04DFAC8D
[01/11/2022 às 01:33:23]: Felipe_Fox Serial: 494484ED95AA480C549C4FF5E5DAAAEE04DFAC8D
[01/11/2022 às 01:37:28]: Felipe_Fox Serial: 494484ED95AA480C549C4FF5E5DAAAEE04DFAC8D
[01/11/2022 às 01:40:11]: Felipe_Fox Serial: 494484ED95AA480C549C4FF5E5DAAAEE04DFAC8D
[03/11/2022 às 12:49:45]: Felipe_Fox Serial: 494484ED95AA480C549C4FF5E5DAAAEE04DFAC8D
[03/11/2022 às 12:57:57]: Felipe_Fox Serial: 494484ED95AA480C549C4FF5E5DAAAEE04DFAC8D
[03/11/2022 às 14:37:12]: Felipe_Fox Serial: 494484ED95AA480C549C4FF5E5DAAAEE04DFAC8D
[03/11/2022 às 14:41:32]: Felipe_Fox Serial: 494484ED95AA480C549C4FF5E5DAAAEE04DFAC8D
[03/11/2022 às 17:34:17]: Felipe_Fox Serial: 494484ED95AA480C549C4FF5E5DAAAEE04DFAC8D
[03/11/2022 às 17:37:42]: Felipe_Fox Serial: 494484ED95AA480C549C4FF5E5DAAAEE04DFAC8D
[03/11/2022 às 17:38:29]: Filipe_Teste Serial: ED40ED0E8089CC44C08EE9580F4C8C44EE8EE990
[03/11/2022 às 17:38:58]: Filipe_Teste Serial: ED40ED0E8089CC44C08EE9580F4C8C44EE8EE990
[03/11/2022 às 17:44:27]: Felipe_Fox Serial: 494484ED95AA480C549C4FF5E5DAAAEE04DFAC8D
[03/11/2022 às 17:44:27]: Filipe_Teste Serial: ED40ED0E8089CC44C08EE9580F4C8C44EE8EE990
[03/11/2022 às 17:44:45]: Filipe_Teste Serial: ED40ED0E8089CC44C08EE9580F4C8C44EE8EE990
[03/11/2022 às 17:48:44]: Filipe_Teste Serial: ED40ED0E8089CC44C08EE9580F4C8C44EE8EE990
[03/11/2022 às 17:51:33]: Filipe_Teste Serial: ED40ED0E8089CC44C08EE9580F4C8C44EE8EE990
[03/11/2022 às 18:23:59]: Felipe_Fox Serial: 494484ED95AA480C549C4FF5E5DAAAEE04DFAC8D
[03/11/2022 às 18:38:24]: Felipe_Fox Serial: 494484ED95AA480C549C4FF5E5DAAAEE04DFAC8D
[03/11/2022 às 18:38:59]: Felipe_Samp Serial: ED40ED0E8089CC44C08EE9580F4C8C44EE8EE990
[03/11/2022 às 18:40:26]: Felipos Serial: ED40ED0E8089CC44C08EE9580F4C8C44EE8EE990
[03/11/2022 às 18:40:52]: Felipos Serial: ED40ED0E8089CC44C08EE9580F4C8C44EE8EE990
[03/11/2022 às 18:41:20]: Felipos Serial: ED40ED0E8089CC44C08EE9580F4C8C44EE8EE990
[03/11/2022 às 18:42:31]: logmay Serial: ED40ED0E8089CC44C08EE9580F4C8C44EE8EE990
[03/11/2022 às 18:42:57]: logmay Serial: ED40ED0E8089CC44C08EE9580F4C8C44EE8EE990
[03/11/2022 às 19:07:03]: Felipe_Fox Serial: 494484ED95AA480C549C4FF5E5DAAAEE04DFAC8D
[03/11/2022 às 19:42:00]: Felipe_Fox Serial: 494484ED95AA480C549C4FF5E5DAAAEE04DFAC8D
[03/11/2022 às 20:16:43]: Felipe_Fox Serial: 494484ED95AA480C549C4FF5E5DAAAEE04DFAC8D
[07/11/2022 às 09:47:01]: Felipe_Fox Serial: 494484ED95AA480C549C4FF5E5DAAAEE04DFAC8D
[07/11/2022 às 00:43:20]: Felipe_Fox Serial: 494484ED95AA480C549C4FF5E5DAAAEE04DFAC8D
[07/11/2022 às 00:45:32]: logmay Serial: ED40ED0E8089CC44C08EE9580F4C8C44EE8EE990
[07/11/2022 às 02:17:53]: Felipe_Fox Serial: 494484ED95AA480C549C4FF5E5DAAAEE04DFAC8D
[07/11/2022 às 02:20:04]: logmay Serial: ED40ED0E8089CC44C08EE9580F4C8C44EE8EE990
[07/11/2022 às 02:22:50]: Felipe_Fox Serial: 494484ED95AA480C549C4FF5E5DAAAEE04DFAC8D
[07/11/2022 às 02:24:50]: logmay Serial: ED40ED0E8089CC44C08EE9580F4C8C44EE8EE990
[07/11/2022 às 02:33:14]: Felipe_Fox Serial: 494484ED95AA480C549C4FF5E5DAAAEE04DFAC8D
[07/11/2022 às 02:33:17]: logmay Serial: ED40ED0E8089CC44C08EE9580F4C8C44EE8EE990
[07/11/2022 às 02:36:13]: Felipe_Fox Serial: 494484ED95AA480C549C4FF5E5DAAAEE04DFAC8D
[07/11/2022 às 02:39:39]: logmay Serial: ED40ED0E8089CC44C08EE9580F4C8C44EE8EE990
[07/11/2022 às 03:10:51]: DogMau_Fox Serial: 494484ED95AA480C549C4FF5E5DAAAEE04DFAC8D
[07/11/2022 às 03:31:32]: DogMau_Fox Serial: 494484ED95AA480C549C4FF5E5DAAAEE04DFAC8D
[07/11/2022 às 05:07:34]: Felipe_Paradise Serial: 494484ED95AA480C549C4FF5E5DAAAEE04DFAC8D
[07/11/2022 às 05:07:56]: logmay Serial: ED40ED0E8089CC44C08EE9580F4C8C44EE8EE990
[07/11/2022 às 05:14:30]: Felipe_Paradise Serial: 494484ED95AA480C549C4FF5E5DAAAEE04DFAC8D
[07/11/2022 às 05:15:47]: logmay Serial: ED40ED0E8089CC44C08EE9580F4C8C44EE8EE990
[07/11/2022 às 05:21:24]: DogMau_Fox Serial: 494484ED95AA480C549C4FF5E5DAAAEE04DFAC8D
[07/11/2022 às 05:33:42]: DogMau_Fox Serial: 494484ED95AA480C549C4FF5E5DAAAEE04DFAC8D
[07/11/2022 às 05:37:38]: DogMau_Fox Serial: 494484ED95AA480C549C4FF5E5DAAAEE04DFAC8D
[07/11/2022 às 05:38:31]: logmay Serial: ED40ED0E8089CC44C08EE9580F4C8C44EE8EE990
[07/11/2022 às 05:39:00]: logmay Serial: ED40ED0E8089CC44C08EE9580F4C8C44EE8EE990
[07/11/2022 às 05:55:31]: logmay Serial: ED40ED0E8089CC44C08EE9580F4C8C44EE8EE990
[07/11/2022 às 05:55:56]: logmay Serial: ED40ED0E8089CC44C08EE9580F4C8C44EE8EE990
[07/11/2022 às 05:59:50]: DogMau_Fox Serial: 494484ED95AA480C549C4FF5E5DAAAEE04DFAC8D
[07/11/2022 às 06:19:40]: DogMau_Fox Serial: 494484ED95AA480C549C4FF5E5DAAAEE04DFAC8D
[07/11/2022 às 06:22:48]: DogMau_Fox Serial: 494484ED95AA480C549C4FF5E5DAAAEE04DFAC8D
[07/11/2022 às 06:30:01]: logmay Serial: ED40ED0E8089CC44C08EE9580F4C8C44EE8EE990
[07/11/2022 às 06:30:45]: logmay Serial: ED40ED0E8089CC44C08EE9580F4C8C44EE8EE990
[07/11/2022 às 06:31:51]: DogMau_Fox Serial: 494484ED95AA480C549C4FF5E5DAAAEE04DFAC8D
[07/11/2022 às 07:42:24]: DogMau_Fox Serial: 494484ED95AA480C549C4FF5E5DAAAEE04DFAC8D
[07/11/2022 às 07:57:26]: logmay Serial: ED40ED0E8089CC44C08EE9580F4C8C44EE8EE990
[07/11/2022 às 07:57:55]: logmay Serial: ED40ED0E8089CC44C08EE9580F4C8C44EE8EE990
[07/11/2022 às 07:58:29]: logmay Serial: ED40ED0E8089CC44C08EE9580F4C8C44EE8EE990
[07/11/2022 às 08:00:48]: logmay Serial: ED40ED0E8089CC44C08EE9580F4C8C44EE8EE990
[07/11/2022 às 08:01:26]: logmay Serial: ED40ED0E8089CC44C08EE9580F4C8C44EE8EE990
[07/11/2022 às 08:02:03]: logmay Serial: ED40ED0E8089CC44C08EE9580F4C8C44EE8EE990
[07/11/2022 às 08:58:27]: DogMau_Fox Serial: 494484ED95AA480C549C4FF5E5DAAAEE04DFAC8D
[07/11/2022 às 09:02:14]: DogMau_Fox Serial: 494484ED95AA480C549C4FF5E5DAAAEE04DFAC8D
[07/11/2022 às 10:54:31]: DogMau_Fox Serial: 494484ED95AA480C549C4FF5E5DAAAEE04DFAC8D
[07/11/2022 às 11:00:24]: DogMau_Fox Serial: 494484ED95AA480C549C4FF5E5DAAAEE04DFAC8D
[07/11/2022 às 11:03:10]: DogMau_Fox Serial: 494484ED95AA480C549C4FF5E5DAAAEE04DFAC8D
[07/11/2022 às 11:55:31]: DogMau_Fox Serial: 494484ED95AA480C549C4FF5E5DAAAEE04DFAC8D
[07/11/2022 às 12:07:51]: DogMau_Fox Serial: 494484ED95AA480C549C4FF5E5DAAAEE04DFAC8D
[07/11/2022 às 13:44:33]: DogMau_Fox Serial: 494484ED95AA480C549C4FF5E5DAAAEE04DFAC8D
